[GIN-debug] [WARNING] Creating an Engine instance with the Logger and Recovery middleware already attached.

[GIN-debug] [WARNING] Running in "debug" mode. Switch to "release" mode in production.
 - using env:	export GIN_MODE=release
 - using code:	gin.SetMode(gin.ReleaseMode)

[GIN-debug] POST   /masterdata/companies/    --> malaka/internal/modules/masterdata/presentation/http/handlers.(*CompanyHandler).CreateCompany-fm (4 handlers)
[GIN-debug] GET    /masterdata/companies/    --> malaka/internal/modules/masterdata/presentation/http/handlers.(*CompanyHandler).GetAllCompanies-fm (4 handlers)
[GIN-debug] GET    /masterdata/companies/:id --> malaka/internal/modules/masterdata/presentation/http/handlers.(*CompanyHandler).GetCompanyByID-fm (4 handlers)
[GIN-debug] PUT    /masterdata/companies/:id --> malaka/internal/modules/masterdata/presentation/http/handlers.(*CompanyHandler).UpdateCompany-fm (4 handlers)
[GIN-debug] DELETE /masterdata/companies/:id --> malaka/internal/modules/masterdata/presentation/http/handlers.(*CompanyHandler).DeleteCompany-fm (4 handlers)
[GIN-debug] POST   /masterdata/users/        --> malaka/internal/modules/masterdata/presentation/http/handlers.(*UserHandler).CreateUser-fm (4 handlers)
[GIN-debug] GET    /masterdata/users/        --> malaka/internal/modules/masterdata/presentation/http/handlers.(*UserHandler).GetAllUsers-fm (4 handlers)
[GIN-debug] GET    /masterdata/users/:id     --> malaka/internal/modules/masterdata/presentation/http/handlers.(*UserHandler).GetUserByID-fm (4 handlers)
[GIN-debug] PUT    /masterdata/users/:id     --> malaka/internal/modules/masterdata/presentation/http/handlers.(*UserHandler).UpdateUser-fm (4 handlers)
[GIN-debug] DELETE /masterdata/users/:id     --> malaka/internal/modules/masterdata/presentation/http/handlers.(*UserHandler).DeleteUser-fm (4 handlers)
[GIN-debug] POST   /masterdata/users/login   --> malaka/internal/modules/masterdata/presentation/http/handlers.(*UserHandler).Login-fm (4 handlers)
[GIN-debug] POST   /masterdata/classifications/ --> malaka/internal/modules/masterdata/presentation/http/handlers.(*ClassificationHandler).CreateClassification-fm (4 handlers)
[GIN-debug] GET    /masterdata/classifications/ --> malaka/internal/modules/masterdata/presentation/http/handlers.(*ClassificationHandler).GetAllClassifications-fm (4 handlers)
[GIN-debug] GET    /masterdata/classifications/:id --> malaka/internal/modules/masterdata/presentation/http/handlers.(*ClassificationHandler).GetClassificationByID-fm (4 handlers)
[GIN-debug] PUT    /masterdata/classifications/:id --> malaka/internal/modules/masterdata/presentation/http/handlers.(*ClassificationHandler).UpdateClassification-fm (4 handlers)
[GIN-debug] DELETE /masterdata/classifications/:id --> malaka/internal/modules/masterdata/presentation/http/handlers.(*ClassificationHandler).DeleteClassification-fm (4 handlers)
[GIN-debug] POST   /masterdata/colors/       --> malaka/internal/modules/masterdata/presentation/http/handlers.(*ColorHandler).CreateColor-fm (4 handlers)
[GIN-debug] GET    /masterdata/colors/       --> malaka/internal/modules/masterdata/presentation/http/handlers.(*ColorHandler).GetAllColors-fm (4 handlers)
[GIN-debug] GET    /masterdata/colors/:id    --> malaka/internal/modules/masterdata/presentation/http/handlers.(*ColorHandler).GetColorByID-fm (4 handlers)
[GIN-debug] PUT    /masterdata/colors/:id    --> malaka/internal/modules/masterdata/presentation/http/handlers.(*ColorHandler).UpdateColor-fm (4 handlers)
[GIN-debug] DELETE /masterdata/colors/:id    --> malaka/internal/modules/masterdata/presentation/http/handlers.(*ColorHandler).DeleteColor-fm (4 handlers)
[GIN-debug] POST   /masterdata/articles/     --> malaka/internal/modules/masterdata/presentation/http/handlers.(*ArticleHandler).CreateArticle-fm (4 handlers)
[GIN-debug] GET    /masterdata/articles/     --> malaka/internal/modules/masterdata/presentation/http/handlers.(*ArticleHandler).GetAllArticles-fm (4 handlers)
[GIN-debug] GET    /masterdata/articles/:id  --> malaka/internal/modules/masterdata/presentation/http/handlers.(*ArticleHandler).GetArticleByID-fm (4 handlers)
[GIN-debug] PUT    /masterdata/articles/:id  --> malaka/internal/modules/masterdata/presentation/http/handlers.(*ArticleHandler).UpdateArticle-fm (4 handlers)
[GIN-debug] DELETE /masterdata/articles/:id  --> malaka/internal/modules/masterdata/presentation/http/handlers.(*ArticleHandler).DeleteArticle-fm (4 handlers)
[GIN-debug] POST   /masterdata/models/       --> malaka/internal/modules/masterdata/presentation/http/handlers.(*ModelHandler).CreateModel-fm (4 handlers)
[GIN-debug] GET    /masterdata/models/       --> malaka/internal/modules/masterdata/presentation/http/handlers.(*ModelHandler).GetAllModels-fm (4 handlers)
[GIN-debug] GET    /masterdata/models/:id    --> malaka/internal/modules/masterdata/presentation/http/handlers.(*ModelHandler).GetModelByID-fm (4 handlers)
[GIN-debug] PUT    /masterdata/models/:id    --> malaka/internal/modules/masterdata/presentation/http/handlers.(*ModelHandler).UpdateModel-fm (4 handlers)
[GIN-debug] DELETE /masterdata/models/:id    --> malaka/internal/modules/masterdata/presentation/http/handlers.(*ModelHandler).DeleteModel-fm (4 handlers)
[GIN-debug] POST   /masterdata/sizes/        --> malaka/internal/modules/masterdata/presentation/http/handlers.(*SizeHandler).CreateSize-fm (4 handlers)
[GIN-debug] GET    /masterdata/sizes/        --> malaka/internal/modules/masterdata/presentation/http/handlers.(*SizeHandler).GetAllSizes-fm (4 handlers)
[GIN-debug] GET    /masterdata/sizes/:id     --> malaka/internal/modules/masterdata/presentation/http/handlers.(*SizeHandler).GetSizeByID-fm (4 handlers)
[GIN-debug] PUT    /masterdata/sizes/:id     --> malaka/internal/modules/masterdata/presentation/http/handlers.(*SizeHandler).UpdateSize-fm (4 handlers)
[GIN-debug] DELETE /masterdata/sizes/:id     --> malaka/internal/modules/masterdata/presentation/http/handlers.(*SizeHandler).DeleteSize-fm (4 handlers)
[GIN-debug] POST   /masterdata/barcodes/     --> malaka/internal/modules/masterdata/presentation/http/handlers.(*BarcodeHandler).CreateBarcode-fm (4 handlers)
[GIN-debug] GET    /masterdata/barcodes/     --> malaka/internal/modules/masterdata/presentation/http/handlers.(*BarcodeHandler).GetAllBarcodes-fm (4 handlers)
[GIN-debug] GET    /masterdata/barcodes/:id  --> malaka/internal/modules/masterdata/presentation/http/handlers.(*BarcodeHandler).GetBarcodeByID-fm (4 handlers)
[GIN-debug] PUT    /masterdata/barcodes/:id  --> malaka/internal/modules/masterdata/presentation/http/handlers.(*BarcodeHandler).UpdateBarcode-fm (4 handlers)
[GIN-debug] DELETE /masterdata/barcodes/:id  --> malaka/internal/modules/masterdata/presentation/http/handlers.(*BarcodeHandler).DeleteBarcode-fm (4 handlers)
[GIN-debug] POST   /masterdata/prices/       --> malaka/internal/modules/masterdata/presentation/http/handlers.(*PriceHandler).CreatePrice-fm (4 handlers)
[GIN-debug] GET    /masterdata/prices/       --> malaka/internal/modules/masterdata/presentation/http/handlers.(*PriceHandler).GetAllPrices-fm (4 handlers)
[GIN-debug] GET    /masterdata/prices/:id    --> malaka/internal/modules/masterdata/presentation/http/handlers.(*PriceHandler).GetPriceByID-fm (4 handlers)
[GIN-debug] PUT    /masterdata/prices/:id    --> malaka/internal/modules/masterdata/presentation/http/handlers.(*PriceHandler).UpdatePrice-fm (4 handlers)
[GIN-debug] DELETE /masterdata/prices/:id    --> malaka/internal/modules/masterdata/presentation/http/handlers.(*PriceHandler).DeletePrice-fm (4 handlers)
[GIN-debug] POST   /masterdata/suppliers/    --> malaka/internal/modules/masterdata/presentation/http/handlers.(*SupplierHandler).CreateSupplier-fm (4 handlers)
[GIN-debug] GET    /masterdata/suppliers/    --> malaka/internal/modules/masterdata/presentation/http/handlers.(*SupplierHandler).GetAllSuppliers-fm (4 handlers)
[GIN-debug] GET    /masterdata/suppliers/:id --> malaka/internal/modules/masterdata/presentation/http/handlers.(*SupplierHandler).GetSupplierByID-fm (4 handlers)
[GIN-debug] PUT    /masterdata/suppliers/:id --> malaka/internal/modules/masterdata/presentation/http/handlers.(*SupplierHandler).UpdateSupplier-fm (4 handlers)
[GIN-debug] DELETE /masterdata/suppliers/:id --> malaka/internal/modules/masterdata/presentation/http/handlers.(*SupplierHandler).DeleteSupplier-fm (4 handlers)
[GIN-debug] POST   /masterdata/customers/    --> malaka/internal/modules/masterdata/presentation/http/handlers.(*CustomerHandler).CreateCustomer-fm (4 handlers)
[GIN-debug] GET    /masterdata/customers/    --> malaka/internal/modules/masterdata/presentation/http/handlers.(*CustomerHandler).GetAllCustomers-fm (4 handlers)
[GIN-debug] GET    /masterdata/customers/:id --> malaka/internal/modules/masterdata/presentation/http/handlers.(*CustomerHandler).GetCustomerByID-fm (4 handlers)
[GIN-debug] PUT    /masterdata/customers/:id --> malaka/internal/modules/masterdata/presentation/http/handlers.(*CustomerHandler).UpdateCustomer-fm (4 handlers)
[GIN-debug] DELETE /masterdata/customers/:id --> malaka/internal/modules/masterdata/presentation/http/handlers.(*CustomerHandler).DeleteCustomer-fm (4 handlers)
[GIN-debug] POST   /masterdata/warehouses/   --> malaka/internal/modules/masterdata/presentation/http/handlers.(*WarehouseHandler).CreateWarehouse-fm (4 handlers)
[GIN-debug] GET    /masterdata/warehouses/   --> malaka/internal/modules/masterdata/presentation/http/handlers.(*WarehouseHandler).GetAllWarehouses-fm (4 handlers)
[GIN-debug] GET    /masterdata/warehouses/:id --> malaka/internal/modules/masterdata/presentation/http/handlers.(*WarehouseHandler).GetWarehouseByID-fm (4 handlers)
[GIN-debug] PUT    /masterdata/warehouses/:id --> malaka/internal/modules/masterdata/presentation/http/handlers.(*WarehouseHandler).UpdateWarehouse-fm (4 handlers)
[GIN-debug] DELETE /masterdata/warehouses/:id --> malaka/internal/modules/masterdata/presentation/http/handlers.(*WarehouseHandler).DeleteWarehouse-fm (4 handlers)
[GIN-debug] POST   /masterdata/gallery-images/ --> malaka/internal/modules/masterdata/presentation/http/handlers.(*GalleryImageHandler).CreateGalleryImage-fm (4 handlers)
[GIN-debug] GET    /masterdata/gallery-images/ --> malaka/internal/modules/masterdata/presentation/http/handlers.(*GalleryImageHandler).GetAllGalleryImages-fm (4 handlers)
[GIN-debug] GET    /masterdata/gallery-images/:id --> malaka/internal/modules/masterdata/presentation/http/handlers.(*GalleryImageHandler).GetGalleryImageByID-fm (4 handlers)
[GIN-debug] PUT    /masterdata/gallery-images/:id --> malaka/internal/modules/masterdata/presentation/http/handlers.(*GalleryImageHandler).UpdateGalleryImage-fm (4 handlers)
[GIN-debug] DELETE /masterdata/gallery-images/:id --> malaka/internal/modules/masterdata/presentation/http/handlers.(*GalleryImageHandler).DeleteGalleryImage-fm (4 handlers)
[GIN-debug] GET    /masterdata/gallery-images/article/:article_id --> malaka/internal/modules/masterdata/presentation/http/handlers.(*GalleryImageHandler).GetGalleryImagesByArticleID-fm (4 handlers)
[GIN-debug] POST   /masterdata/courier-rates/ --> malaka/internal/modules/masterdata/presentation/http/handlers.(*CourierRateHandler).CreateCourierRate-fm (4 handlers)
[GIN-debug] GET    /masterdata/courier-rates/:id --> malaka/internal/modules/masterdata/presentation/http/handlers.(*CourierRateHandler).GetCourierRateByID-fm (4 handlers)
[GIN-debug] PUT    /masterdata/courier-rates/:id --> malaka/internal/modules/masterdata/presentation/http/handlers.(*CourierRateHandler).UpdateCourierRate-fm (4 handlers)
[GIN-debug] DELETE /masterdata/courier-rates/:id --> malaka/internal/modules/masterdata/presentation/http/handlers.(*CourierRateHandler).DeleteCourierRate-fm (4 handlers)
[GIN-debug] POST   /masterdata/depstores/    --> malaka/internal/modules/masterdata/presentation/http/handlers.(*DepstoreHandler).CreateDepstore-fm (4 handlers)
[GIN-debug] GET    /masterdata/depstores/    --> malaka/internal/modules/masterdata/presentation/http/handlers.(*DepstoreHandler).GetAllDepstores-fm (4 handlers)
[GIN-debug] GET    /masterdata/depstores/:id --> malaka/internal/modules/masterdata/presentation/http/handlers.(*DepstoreHandler).GetDepstoreByID-fm (4 handlers)
[GIN-debug] GET    /masterdata/depstores/code/:code --> malaka/internal/modules/masterdata/presentation/http/handlers.(*DepstoreHandler).GetDepstoreByCode-fm (4 handlers)
[GIN-debug] PUT    /masterdata/depstores/:id --> malaka/internal/modules/masterdata/presentation/http/handlers.(*DepstoreHandler).UpdateDepstore-fm (4 handlers)
[GIN-debug] DELETE /masterdata/depstores/:id --> malaka/internal/modules/masterdata/presentation/http/handlers.(*DepstoreHandler).DeleteDepstore-fm (4 handlers)
[GIN-debug] POST   /masterdata/divisions/    --> malaka/internal/modules/masterdata/presentation/http/handlers.(*DivisionHandler).CreateDivision-fm (4 handlers)
[GIN-debug] GET    /masterdata/divisions/    --> malaka/internal/modules/masterdata/presentation/http/handlers.(*DivisionHandler).GetAllDivisions-fm (4 handlers)
[GIN-debug] GET    /masterdata/divisions/:id --> malaka/internal/modules/masterdata/presentation/http/handlers.(*DivisionHandler).GetDivisionByID-fm (4 handlers)
[GIN-debug] GET    /masterdata/divisions/code/:code --> malaka/internal/modules/masterdata/presentation/http/handlers.(*DivisionHandler).GetDivisionByCode-fm (4 handlers)
[GIN-debug] GET    /masterdata/divisions/parent/:parentId --> malaka/internal/modules/masterdata/presentation/http/handlers.(*DivisionHandler).GetDivisionsByParentID-fm (4 handlers)
[GIN-debug] GET    /masterdata/divisions/root --> malaka/internal/modules/masterdata/presentation/http/handlers.(*DivisionHandler).GetRootDivisions-fm (4 handlers)
[GIN-debug] PUT    /masterdata/divisions/:id --> malaka/internal/modules/masterdata/presentation/http/handlers.(*DivisionHandler).UpdateDivision-fm (4 handlers)
[GIN-debug] DELETE /masterdata/divisions/:id --> malaka/internal/modules/masterdata/presentation/http/handlers.(*DivisionHandler).DeleteDivision-fm (4 handlers)
[GIN-debug] POST   /inventory/purchase-orders/ --> malaka/internal/modules/inventory/presentation/http/handlers.(*PurchaseOrderHandler).CreatePurchaseOrder-fm (4 handlers)
[GIN-debug] GET    /inventory/purchase-orders/ --> malaka/internal/modules/inventory/presentation/http/handlers.(*PurchaseOrderHandler).GetAllPurchaseOrders-fm (4 handlers)
[GIN-debug] GET    /inventory/purchase-orders/:id --> malaka/internal/modules/inventory/presentation/http/handlers.(*PurchaseOrderHandler).GetPurchaseOrderByID-fm (4 handlers)
[GIN-debug] PUT    /inventory/purchase-orders/:id --> malaka/internal/modules/inventory/presentation/http/handlers.(*PurchaseOrderHandler).UpdatePurchaseOrder-fm (4 handlers)
[GIN-debug] DELETE /inventory/purchase-orders/:id --> malaka/internal/modules/inventory/presentation/http/handlers.(*PurchaseOrderHandler).DeletePurchaseOrder-fm (4 handlers)
[GIN-debug] POST   /inventory/goods-receipts/ --> malaka/internal/modules/inventory/presentation/http/handlers.(*GoodsReceiptHandler).CreateGoodsReceipt-fm (4 handlers)
[GIN-debug] GET    /inventory/goods-receipts/ --> malaka/internal/modules/inventory/presentation/http/handlers.(*GoodsReceiptHandler).GetAllGoodsReceipts-fm (4 handlers)
[GIN-debug] GET    /inventory/goods-receipts/:id --> malaka/internal/modules/inventory/presentation/http/handlers.(*GoodsReceiptHandler).GetGoodsReceiptByID-fm (4 handlers)
[GIN-debug] PUT    /inventory/goods-receipts/:id --> malaka/internal/modules/inventory/presentation/http/handlers.(*GoodsReceiptHandler).UpdateGoodsReceipt-fm (4 handlers)
[GIN-debug] DELETE /inventory/goods-receipts/:id --> malaka/internal/modules/inventory/presentation/http/handlers.(*GoodsReceiptHandler).DeleteGoodsReceipt-fm (4 handlers)
[GIN-debug] POST   /inventory/stock/movements --> malaka/internal/modules/inventory/presentation/http/handlers.(*StockHandler).RecordStockMovement-fm (4 handlers)
[GIN-debug] GET    /inventory/stock/movements --> malaka/internal/modules/inventory/presentation/http/handlers.(*StockHandler).GetStockMovements-fm (4 handlers)
[GIN-debug] GET    /inventory/stock/balance  --> malaka/internal/modules/inventory/presentation/http/handlers.(*StockHandler).GetStockBalance-fm (4 handlers)
[GIN-debug] POST   /inventory/transfers/     --> malaka/internal/modules/inventory/presentation/http/handlers.(*TransferHandler).CreateTransferOrder-fm (4 handlers)
[GIN-debug] GET    /inventory/transfers/     --> malaka/internal/modules/inventory/presentation/http/handlers.(*TransferHandler).GetAllTransferOrders-fm (4 handlers)
[GIN-debug] GET    /inventory/transfers/:id  --> malaka/internal/modules/inventory/presentation/http/handlers.(*TransferHandler).GetTransferOrderByID-fm (4 handlers)
[GIN-debug] PUT    /inventory/transfers/:id  --> malaka/internal/modules/inventory/presentation/http/handlers.(*TransferHandler).UpdateTransferOrder-fm (4 handlers)
[GIN-debug] DELETE /inventory/transfers/:id  --> malaka/internal/modules/inventory/presentation/http/handlers.(*TransferHandler).DeleteTransferOrder-fm (4 handlers)
[GIN-debug] POST   /inventory/draft-orders/  --> malaka/internal/modules/inventory/presentation/http/handlers.(*DraftOrderHandler).CreateDraftOrder-fm (4 handlers)
[GIN-debug] GET    /inventory/draft-orders/  --> malaka/internal/modules/inventory/presentation/http/handlers.(*DraftOrderHandler).GetAllDraftOrders-fm (4 handlers)
[GIN-debug] GET    /inventory/draft-orders/:id --> malaka/internal/modules/inventory/presentation/http/handlers.(*DraftOrderHandler).GetDraftOrderByID-fm (4 handlers)
[GIN-debug] PUT    /inventory/draft-orders/:id --> malaka/internal/modules/inventory/presentation/http/handlers.(*DraftOrderHandler).UpdateDraftOrder-fm (4 handlers)
[GIN-debug] DELETE /inventory/draft-orders/:id --> malaka/internal/modules/inventory/presentation/http/handlers.(*DraftOrderHandler).DeleteDraftOrder-fm (4 handlers)
[GIN-debug] POST   /inventory/adjustments/   --> malaka/internal/modules/inventory/presentation/http/handlers.(*StockAdjustmentHandler).CreateStockAdjustment-fm (4 handlers)
[GIN-debug] GET    /inventory/adjustments/   --> malaka/internal/modules/inventory/presentation/http/handlers.(*StockAdjustmentHandler).GetAllStockAdjustments-fm (4 handlers)
[GIN-debug] GET    /inventory/adjustments/:id --> malaka/internal/modules/inventory/presentation/http/handlers.(*StockAdjustmentHandler).GetStockAdjustmentByID-fm (4 handlers)
[GIN-debug] PUT    /inventory/adjustments/:id --> malaka/internal/modules/inventory/presentation/http/handlers.(*StockAdjustmentHandler).UpdateStockAdjustment-fm (4 handlers)
[GIN-debug] DELETE /inventory/adjustments/:id --> malaka/internal/modules/inventory/presentation/http/handlers.(*StockAdjustmentHandler).DeleteStockAdjustment-fm (4 handlers)
[GIN-debug] POST   /inventory/opnames/       --> malaka/internal/modules/inventory/presentation/http/handlers.(*StockOpnameHandler).CreateStockOpname-fm (4 handlers)
[GIN-debug] GET    /inventory/opnames/       --> malaka/internal/modules/inventory/presentation/http/handlers.(*StockOpnameHandler).GetAllStockOpnames-fm (4 handlers)
[GIN-debug] GET    /inventory/opnames/:id    --> malaka/internal/modules/inventory/presentation/http/handlers.(*StockOpnameHandler).GetStockOpnameByID-fm (4 handlers)
[GIN-debug] PUT    /inventory/opnames/:id    --> malaka/internal/modules/inventory/presentation/http/handlers.(*StockOpnameHandler).UpdateStockOpname-fm (4 handlers)
[GIN-debug] DELETE /inventory/opnames/:id    --> malaka/internal/modules/inventory/presentation/http/handlers.(*StockOpnameHandler).DeleteStockOpname-fm (4 handlers)
[GIN-debug] POST   /inventory/return-suppliers/ --> malaka/internal/modules/inventory/presentation/http/handlers.(*ReturnSupplierHandler).CreateReturnSupplier-fm (4 handlers)
[GIN-debug] GET    /inventory/return-suppliers/ --> malaka/internal/modules/inventory/presentation/http/handlers.(*ReturnSupplierHandler).GetAllReturnSuppliers-fm (4 handlers)
[GIN-debug] GET    /inventory/return-suppliers/:id --> malaka/internal/modules/inventory/presentation/http/handlers.(*ReturnSupplierHandler).GetReturnSupplierByID-fm (4 handlers)
[GIN-debug] PUT    /inventory/return-suppliers/:id --> malaka/internal/modules/inventory/presentation/http/handlers.(*ReturnSupplierHandler).UpdateReturnSupplier-fm (4 handlers)
[GIN-debug] DELETE /inventory/return-suppliers/:id --> malaka/internal/modules/inventory/presentation/http/handlers.(*ReturnSupplierHandler).DeleteReturnSupplier-fm (4 handlers)
[GIN-debug] POST   /inventory/goods-issues/  --> malaka/internal/modules/inventory/presentation/http/handlers.(*SimpleGoodsIssueHandler).CreateGoodsIssue-fm (4 handlers)
[GIN-debug] GET    /inventory/goods-issues/  --> malaka/internal/modules/inventory/presentation/http/handlers.(*SimpleGoodsIssueHandler).GetAllGoodsIssues-fm (4 handlers)
[GIN-debug] GET    /inventory/goods-issues/:id --> malaka/internal/modules/inventory/presentation/http/handlers.(*SimpleGoodsIssueHandler).GetGoodsIssueByID-fm (4 handlers)
[GIN-debug] PUT    /inventory/goods-issues/:id --> malaka/internal/modules/inventory/presentation/http/handlers.(*SimpleGoodsIssueHandler).UpdateGoodsIssue-fm (4 handlers)
[GIN-debug] DELETE /inventory/goods-issues/:id --> malaka/internal/modules/inventory/presentation/http/handlers.(*SimpleGoodsIssueHandler).DeleteGoodsIssue-fm (4 handlers)
[GIN-debug] POST   /shipping/couriers/       --> malaka/internal/modules/shipping/presentation/http/handlers.(*CourierHandler).CreateCourier-fm (4 handlers)
[GIN-debug] GET    /shipping/couriers/       --> malaka/internal/modules/shipping/presentation/http/handlers.(*CourierHandler).GetAllCouriers-fm (4 handlers)
[GIN-debug] GET    /shipping/couriers/:id    --> malaka/internal/modules/shipping/presentation/http/handlers.(*CourierHandler).GetCourierByID-fm (4 handlers)
[GIN-debug] PUT    /shipping/couriers/:id    --> malaka/internal/modules/shipping/presentation/http/handlers.(*CourierHandler).UpdateCourier-fm (4 handlers)
[GIN-debug] DELETE /shipping/couriers/:id    --> malaka/internal/modules/shipping/presentation/http/handlers.(*CourierHandler).DeleteCourier-fm (4 handlers)
[GIN-debug] GET    /api/docs/openapi.yaml    --> malaka/internal/server/http.SetupRouter.ServeDocs.func1 (4 handlers)
[GIN-debug] GET    /docs                     --> malaka/internal/server/http.SetupRouter.ServeRedoc.func2 (4 handlers)
[GIN-debug] [WARNING] You trusted all proxies, this is NOT safe. We recommend you to set a value.
Please check https://pkg.go.dev/github.com/gin-gonic/gin#readme-don-t-trust-all-proxies for details.
[GIN-debug] Listening and serving HTTP on 0.0.0.0:8080
{"level":"info","ts":1752810580.654408,"caller":"logger/middleware.go:17","msg":"request","method":"GET","path":"/inventory/goods-issues/","status":200,"latency":0.019726875}
[GIN] 2025/07/18 - 10:49:40 | 200 |    20.75225ms |             ::1 | GET      "/inventory/goods-issues/"
{"level":"info","ts":1752810803.7854369,"caller":"logger/middleware.go:17","msg":"request","method":"GET","path":"/inventory/adjustments/","status":200,"latency":0.029772625}
[GIN] 2025/07/18 - 10:53:23 | 200 |   31.115875ms |             ::1 | GET      "/inventory/adjustments/"
{"level":"info","ts":1752810826.964312,"caller":"logger/middleware.go:17","msg":"request","method":"GET","path":"/inventory/return-suppliers/","status":200,"latency":0.017424292}
[GIN] 2025/07/18 - 10:53:46 | 200 |   18.053875ms |             ::1 | GET      "/inventory/return-suppliers/"
{"level":"info","ts":1752810842.031185,"caller":"logger/middleware.go:17","msg":"request","method":"GET","path":"/inventory/opnames/","status":200,"latency":0.035294875}
[GIN] 2025/07/18 - 10:54:02 | 200 |   36.623333ms |             ::1 | GET      "/inventory/opnames/"
{"level":"info","ts":1752810850.995726,"caller":"logger/middleware.go:17","msg":"request","method":"GET","path":"/inventory/goods-issues/","status":200,"latency":0.0126355}
[GIN] 2025/07/18 - 10:54:10 | 200 |   12.720792ms |             ::1 | GET      "/inventory/goods-issues/"
